[2025-01-24T14:41:55.245Z] INFO: User logged in: qortmdgus@naver.com (user)
[2025-01-24T14:44:28.135Z] INFO: User logged in: admin@naver.com (admin)
[2025-01-25T13:06:43.607Z] ERROR: Token verification failed: jwt expired
[2025-01-25T13:06:43.645Z] ERROR: Token verification failed: jwt expired
[2025-01-25T13:09:06.306Z] ERROR: Token verification failed: jwt expired
[2025-01-25T13:09:06.311Z] ERROR: Token verification failed: jwt expired
[2025-01-25T13:09:29.399Z] ERROR: Token verification failed: jwt expired
[2025-01-25T13:09:29.412Z] ERROR: Token verification failed: jwt expired
[2025-01-25T13:09:44.344Z] ERROR: Token verification failed: jwt expired
[2025-01-25T13:09:44.348Z] ERROR: Token verification failed: jwt expired
[2025-01-25T13:12:27.424Z] INFO: User logged in: admin@naver.com (admin)
[2025-01-25T14:06:16.778Z] INFO: User logged in: admin@naver.com (admin)
[2025-01-25T14:28:02.333Z] INFO: Login failed: Invalid password for email qortmdgus@naver.com
[2025-01-25T14:28:04.749Z] INFO: Login failed: Invalid password for email qortmdgus@naver.com
[2025-01-25T14:28:07.645Z] INFO: User logged in: qortmdgus@naver.com (user)
[2025-01-25T15:00:41.879Z] INFO: User logged in: qortmdgus@naver.com (user)
[2025-01-26T02:44:42.011Z] INFO: User logged in: qortmdgus@naver.com (user)
[2025-01-26T02:53:49.951Z] INFO: User logged in: admin@naver.com (admin)
[2025-01-26T03:27:22.405Z] INFO: User logged in: qortmdgus@naver.com (user)
[2025-01-26T07:34:37.656Z] INFO: User logged in: qortmdgus@naver.com (user)
[2025-01-26T10:36:43.182Z] INFO: Login failed: Invalid password for email qortmdgus@naver.com
[2025-01-26T10:36:47.293Z] INFO: User logged in: qortmdgus@naver.com (user)
[2025-01-26T12:08:59.631Z] INFO: Login failed: Invalid password for email qortmdgus@naver.com
[2025-01-26T12:09:02.710Z] INFO: User logged in: qortmdgus@naver.com (user)
[2025-01-26T12:18:36.127Z] INFO: Login failed: Invalid password for email admin@naver.com
[2025-01-26T12:18:39.444Z] INFO: User logged in: admin@naver.com (admin)
[2025-01-26T12:34:06.072Z] ERROR: Token verification failed: jwt expired
[2025-01-26T12:36:35.317Z] ERROR: Token verification failed: jwt expired
[2025-01-26T12:38:03.075Z] ERROR: Token verification failed: jwt expired
[2025-01-26T12:38:03.081Z] ERROR: Token verification failed: jwt expired
[2025-01-26T12:38:11.441Z] ERROR: Token verification failed: jwt expired
[2025-01-26T12:38:11.449Z] ERROR: Token verification failed: jwt expired
[2025-01-26T12:40:12.058Z] ERROR: Token verification failed: jwt expired
[2025-01-26T12:50:46.872Z] ERROR: Token verification failed: jwt expired
[2025-01-26T12:50:46.876Z] ERROR: Token verification failed: jwt expired
[2025-01-26T13:01:12.008Z] ERROR: Token verification failed: jwt expired
[2025-01-26T13:01:12.012Z] ERROR: Token verification failed: jwt expired
[2025-01-26T13:01:18.148Z] INFO: Login failed: Invalid password for email admin@naver.com
[2025-01-26T13:01:21.041Z] INFO: User logged in: admin@naver.com (admin)
[2025-01-26T14:27:28.523Z] INFO: User logged in: qortmdgus@naver.com (user)
[2025-01-26T14:58:52.086Z] INFO: Login failed: Invalid password for email qortmdgus@naver.com
[2025-01-26T14:58:53.587Z] INFO: Login failed: Invalid password for email qortmdgus@naver.com
[2025-01-26T14:58:56.270Z] INFO: User logged in: qortmdgus@naver.com (user)
[2025-01-26T15:17:39.119Z] ERROR: Token refresh error: jwt is not defined
[2025-01-26T15:17:39.125Z] ERROR: Token refresh error: jwt is not defined
[2025-01-26T15:18:11.721Z] ERROR: Token refresh error: jwt is not defined
[2025-01-26T15:18:11.725Z] ERROR: Token refresh error: jwt is not defined
[2025-01-26T15:18:57.356Z] ERROR: Token refresh error: jwt malformed
[2025-01-26T15:18:57.365Z] ERROR: Token refresh error: jwt malformed
[2025-01-26T15:23:57.429Z] ERROR: Token refresh error: jwt malformed
[2025-01-26T15:23:57.437Z] ERROR: Token refresh error: jwt malformed
[2025-01-26T15:24:04.128Z] INFO: Login failed: Invalid password for email admin@naver.com
[2025-01-26T15:24:06.537Z] INFO: User logged in: admin@naver.com (admin)
[2025-01-26T15:42:34.903Z] INFO: Login failed: Invalid password for email qortmdgus@naver.com
[2025-01-26T15:42:36.498Z] INFO: Login failed: Invalid password for email qortmdgus@naver.com
[2025-01-26T15:42:38.895Z] INFO: User logged in: qortmdgus@naver.com (user)
[2025-01-27T03:10:20.816Z] INFO: User logged in: qortmdgus@naver.com (user)
[2025-01-27T04:31:29.398Z] INFO: User logged in: admin@naver.com (admin)
[2025-01-27T06:34:46.348Z] INFO: Login failed: Invalid password for email admin@naver.com
[2025-01-27T06:34:47.599Z] INFO: Login failed: Invalid password for email admin@naver.com
[2025-01-27T06:34:50.702Z] INFO: User logged in: admin@naver.com (admin)
[2025-01-27T06:35:41.780Z] INFO: Login failed: Invalid password for email admin@naver.com
[2025-01-27T06:35:43.437Z] INFO: User logged in: admin@naver.com (admin)
